0 verbose cli D:\daima\node.exe D:\daima\node_modules\npm\bin\npm-cli.js
1 info using npm@11.6.2
2 info using node@v25.2.1
3 silly config load:file:D:\daima\node_modules\npm\npmrc
4 silly config load:file:D:\RECM\crmeb_java\app\.npmrc
5 silly config load:file:C:\Users\ygz\.npmrc
6 silly config load:file:C:\Users\ygz\AppData\Roaming\npm\etc\npmrc
7 verbose title npm install @dcloudio/uni-cli-i18n
8 verbose argv "install" "@dcloudio/uni-cli-i18n" "--legacy-peer-deps"
9 verbose logfile logs-max:10 dir:D:\RECM\crmeb_java\app\.npm-cache\_logs\2026-05-28T06_32_10_942Z-
10 verbose logfile D:\RECM\crmeb_java\app\.npm-cache\_logs\2026-05-28T06_32_10_942Z-debug-0.log
11 silly logfile done cleaning log files
12 silly packumentCache heap:2348810240 maxSize:587202560 maxEntrySize:293601280
13 silly idealTree buildDeps
14 silly fetch manifest @dcloudio/uni-cli-i18n@*
15 silly packumentCache full:https://registry.npmmirror.com/@dcloudio%2funi-cli-i18n cache-miss
16 http fetch GET 200 https://registry.npmmirror.com/@dcloudio%2funi-cli-i18n 436ms (cache miss)
17 silly packumentCache full:https://registry.npmmirror.com/@dcloudio%2funi-cli-i18n set size:302317 disposed:false
18 silly placeDep ROOT @dcloudio/uni-cli-i18n@2.0.2-5000720260410001 OK for: crmeb-app@1.0.0 want: *
19 silly fetch manifest os-locale-s-fix@^1.0.8-fix-1
20 silly packumentCache full:https://registry.npmmirror.com/os-locale-s-fix cache-miss
21 http fetch GET 200 https://registry.npmmirror.com/os-locale-s-fix 41ms (cache miss)
22 silly packumentCache full:https://registry.npmmirror.com/os-locale-s-fix set size:2628 disposed:false
23 silly placeDep ROOT os-locale-s-fix@1.0.8-fix-1 OK for: @dcloudio/uni-cli-i18n@2.0.2-5000720260410001 want: ^1.0.8-fix-1
24 silly fetch manifest lcid@^3.0.0
25 silly packumentCache full:https://registry.npmmirror.com/lcid cache-miss
26 http fetch GET 200 https://registry.npmmirror.com/lcid 68ms (cache miss)
27 silly packumentCache full:https://registry.npmmirror.com/lcid set size:5206 disposed:false
28 silly placeDep ROOT lcid@3.1.1 OK for: os-locale-s-fix@1.0.8-fix-1 want: ^3.0.0
29 silly fetch manifest invert-kv@^3.0.0
30 silly packumentCache full:https://registry.npmmirror.com/invert-kv cache-miss
31 http fetch GET 200 https://registry.npmmirror.com/invert-kv 43ms (cache miss)
32 silly packumentCache full:https://registry.npmmirror.com/invert-kv set size:4228 disposed:false
33 silly placeDep ROOT invert-kv@3.0.1 OK for: lcid@3.1.1 want: ^3.0.0
34 warn EBADENGINE Unsupported engine {
34 warn EBADENGINE   package: '@achrinza/node-ipc@9.2.2',
34 warn EBADENGINE   required: { node: '8 || 10 || 12 || 14 || 16 || 17' },
34 warn EBADENGINE   current: { node: 'v25.2.1', npm: '11.6.2' }
34 warn EBADENGINE }
35 silly reify moves {}
36 silly audit bulk request {
36 silly audit   '@achrinza/node-ipc': [ '9.2.2' ],
36 silly audit   '@babel/code-frame': [ '7.29.7' ],
36 silly audit   '@babel/generator': [ '7.29.7' ],
36 silly audit   '@babel/helper-globals': [ '7.29.7' ],
36 silly audit   '@babel/helper-string-parser': [ '7.29.7' ],
36 silly audit   '@babel/helper-validator-identifier': [ '7.29.7' ],
36 silly audit   '@babel/parser': [ '7.29.7' ],
36 silly audit   '@babel/template': [ '7.29.7' ],
36 silly audit   '@babel/traverse': [ '7.29.7' ],
36 silly audit   '@babel/types': [ '7.29.7' ],
36 silly audit   '@dcloudio/uni-app': [ '2.0.2-5000720260410001' ],
36 silly audit   '@dcloudio/uni-cli-shared': [ '2.0.2-5000720260410001' ],
36 silly audit   '@dcloudio/uni-h5': [ '2.0.2-5000720260410001' ],
36 silly audit   'postcss-urlrewrite': [ '0.3.0', '0.2.2' ],
36 silly audit   '@dcloudio/uni-i18n': [ '2.0.2-5000720260410001' ],
36 silly audit   '@dcloudio/uni-shared': [ '3.0.0-alpha-3000020210521001' ],
36 silly audit   '@dcloudio/uni-stat': [ '2.0.2-5000720260410001' ],
36 silly audit   '@dcloudio/uni-template-compiler': [ '2.0.2-5000720260410001' ],
36 silly audit   '@dcloudio/vue-cli-plugin-uni': [ '2.0.2-5000720260410001' ],
36 silly audit   '@hapi/address': [ '2.1.4' ],
36 silly audit   '@hapi/bourne': [ '1.3.2' ],
36 silly audit   '@hapi/hoek': [ '8.5.1' ],
36 silly audit   '@hapi/joi': [ '15.1.1' ],
36 silly audit   '@hapi/topo': [ '3.1.6' ],
36 silly audit   '@intervolga/optimize-cssnano-plugin': [ '1.0.6' ],
36 silly audit   '@jridgewell/gen-mapping': [ '0.3.13' ],
36 silly audit   '@jridgewell/resolve-uri': [ '3.1.2' ],
36 silly audit   '@jridgewell/sourcemap-codec': [ '1.5.5' ],
36 silly audit   '@jridgewell/trace-mapping': [ '0.3.31' ],
36 silly audit   '@leichtgewicht/ip-codec': [ '2.0.5' ],
36 silly audit   '@messageformat/core': [ '3.4.0' ],
36 silly audit   '@messageformat/date-skeleton': [ '1.1.0' ],
36 silly audit   '@messageformat/number-skeleton': [ '1.2.0' ],
36 silly audit   '@messageformat/parser': [ '5.1.1' ],
36 silly audit   '@messageformat/runtime': [ '3.0.2' ],
36 silly audit   '@mrmlnc/readdir-enhanced': [ '2.2.1' ],
36 silly audit   '@node-ipc/js-queue': [ '2.0.3' ],
36 silly audit   '@nodelib/fs.scandir': [ '2.1.5' ],
36 silly audit   '@nodelib/fs.stat': [ '2.0.5', '1.1.3' ],
36 silly audit   '@nodelib/fs.walk': [ '1.2.8' ],
36 silly audit   '@soda/friendly-errors-webpack-plugin': [ '1.8.1' ],
36 silly audit   '@soda/get-current-script': [ '1.0.2' ],
36 silly audit   '@types/body-parser': [ '1.19.6' ],
36 silly audit   '@types/connect': [ '3.4.38' ],
36 silly audit   '@types/connect-history-api-fallback': [ '1.5.4' ],
36 silly audit   '@types/express': [ '5.0.6' ],
36 silly audit   '@types/express-serve-static-core': [ '5.1.1' ],
36 silly audit   '@types/glob': [ '7.2.0' ],
36 silly audit   '@types/http-errors': [ '2.0.5' ],
36 silly audit   '@types/http-proxy': [ '1.17.17' ],
36 silly audit   '@types/json-schema': [ '7.0.15' ],
36 silly audit   '@types/minimatch': [ '5.1.2' ],
36 silly audit   '@types/minimist': [ '1.2.5' ],
36 silly audit   '@types/node': [ '25.9.1' ],
36 silly audit   '@types/normalize-package-data': [ '2.4.4' ],
36 silly audit   '@types/q': [ '1.5.8' ],
36 silly audit   '@types/qs': [ '6.15.1' ],
36 silly audit   '@types/range-parser': [ '1.2.7' ],
36 silly audit   '@types/send': [ '1.2.1' ],
36 silly audit   '@types/serve-static': [ '2.2.0' ],
36 silly audit   '@types/source-list-map': [ '0.1.6' ],
36 silly audit   '@types/tapable': [ '1.0.12' ],
36 silly audit   '@types/uglify-js': [ '3.17.5' ],
36 silly audit   '@types/webpack': [ '4.41.40' ],
36 silly audit   '@types/webpack-dev-server': [ '3.11.6' ],
36 silly audit   '@types/webpack-sources': [ '3.2.3' ],
36 silly audit   'source-map': [ '0.7.6', '0.5.7', '0.6.1' ],
36 silly audit   '@vue/cli-overlay': [ '4.5.19' ],
36 silly audit   '@vue/cli-plugin-router': [ '4.5.19' ],
36 silly audit   '@vue/cli-plugin-vuex': [ '4.5.19' ],
36 silly audit   '@vue/cli-service': [ '4.5.19' ],
36 silly audit   'fs-extra': [ '7.0.1', '10.1.0' ],
36 silly audit   'hash-sum': [ '2.0.0', '1.0.2' ],
36 silly audit   jsonfile: [ '4.0.0', '6.2.1' ],
36 silly audit   universalify: [ '0.1.2', '2.0.1' ],
36 silly audit   '@vue/cli-shared-utils': [ '4.5.19' ],
36 silly audit   'ansi-styles': [ '3.2.1', '4.3.0' ],
36 silly audit   chalk: [ '2.4.2', '3.0.0', '4.1.2' ],
36 silly audit   'color-convert': [ '1.9.3', '2.0.1' ],
36 silly audit   'color-name': [ '1.1.3', '1.1.4' ],
36 silly audit   'escape-string-regexp': [ '1.0.5', '4.0.0' ],
36 silly audit   'has-flag': [ '3.0.0', '4.0.0' ],
36 silly audit   'lru-cache': [ '5.1.1', '4.1.5' ],
36 silly audit   'supports-color': [ '5.5.0', '7.2.0', '6.1.0' ],
36 silly audit   yallist: [ '3.1.1', '4.0.0', '2.1.2' ],
36 silly audit   '@vue/compiler-sfc': [ '2.7.16' ],
36 silly audit   postcss: [ '8.5.15', '7.0.39' ],
36 silly audit   '@vue/component-compiler-utils': [ '3.3.0' ],
36 silly audit   'postcss-selector-parser': [ '6.1.2', '3.1.2', '5.0.0' ],
36 silly audit   '@vue/preload-webpack-plugin': [ '1.1.2' ],
36 silly audit   '@vue/web-component-wrapper': [ '1.3.0' ],
36 silly audit   '@webassemblyjs/ast': [ '1.9.0' ],
36 silly audit   '@webassemblyjs/floating-point-hex-parser': [ '1.9.0' ],
36 silly audit   '@webassemblyjs/helper-api-error': [ '1.9.0' ],
36 silly audit   '@webassemblyjs/helper-buffer': [ '1.9.0' ],
36 silly audit   '@webassemblyjs/helper-code-frame': [ '1.9.0' ],
36 silly audit   '@webassemblyjs/helper-fsm': [ '1.9.0' ],
36 silly audit   '@webassemblyjs/helper-module-context': [ '1.9.0' ],
36 silly audit   '@webassemblyjs/helper-wasm-bytecode': [ '1.9.0' ],
36 silly audit   '@webassemblyjs/helper-wasm-section': [ '1.9.0' ],
36 silly audit   '@webassemblyjs/ieee754': [ '1.9.0' ],
36 silly audit   '@webassemblyjs/leb128': [ '1.9.0' ],
36 silly audit   '@webassemblyjs/utf8': [ '1.9.0' ],
36 silly audit   '@webassemblyjs/wasm-edit': [ '1.9.0' ],
36 silly audit   '@webassemblyjs/wasm-gen': [ '1.9.0' ],
36 silly audit   '@webassemblyjs/wasm-opt': [ '1.9.0' ],
36 silly audit   '@webassemblyjs/wasm-parser': [ '1.9.0' ],
36 silly audit   '@webassemblyjs/wast-parser': [ '1.9.0' ],
36 silly audit   '@webassemblyjs/wast-printer': [ '1.9.0' ],
36 silly audit   '@xtuc/ieee754': [ '1.2.0' ],
36 silly audit   '@xtuc/long': [ '4.2.2' ],
36 silly audit   accepts: [ '1.3.8' ],
36 silly audit   acorn: [ '7.4.1', '6.4.2' ],
36 silly audit   'acorn-walk': [ '7.2.0' ],
36 silly audit   address: [ '1.2.2' ],
36 silly audit   ajv: [ '6.15.0' ],
36 silly audit   'ajv-errors': [ '1.0.1' ],
36 silly audit   'ajv-keywords': [ '3.5.2' ],
36 silly audit   'alphanum-sort': [ '1.0.2' ],
36 silly audit   'ansi-colors': [ '3.2.4' ],
36 silly audit   'ansi-html-community': [ '0.0.8' ],
36 silly audit   'ansi-regex': [ '5.0.1', '4.1.1', '2.1.1' ],
36 silly audit   'any-promise': [ '1.3.0' ],
36 silly audit   anymatch: [ '3.1.3', '2.0.0' ],
36 silly audit   aproba: [ '1.2.0' ],
36 silly audit   arch: [ '2.2.0' ],
36 silly audit   argparse: [ '1.0.10' ],
36 silly audit   'arr-diff': [ '4.0.0' ],
36 silly audit   'arr-flatten': [ '1.1.0' ],
36 silly audit   'arr-union': [ '3.1.0' ],
36 silly audit   'array-buffer-byte-length': [ '1.0.2' ],
36 silly audit   'array-flatten': [ '1.1.1', '2.1.2' ],
36 silly audit   'array-union': [ '1.0.2' ],
36 silly audit   'array-uniq': [ '1.0.3' ],
36 silly audit   'array-unique': [ '0.3.2' ],
36 silly audit   'array.prototype.reduce': [ '1.0.8' ],
36 silly audit   'arraybuffer.prototype.slice': [ '1.0.4' ],
36 silly audit   asn1: [ '0.2.6' ],
36 silly audit   'asn1.js': [ '4.10.1' ],
36 silly audit   'bn.js': [ '4.12.3', '5.2.3' ],
36 silly audit   assert: [ '1.5.1' ],
36 silly audit   'assert-plus': [ '1.0.0' ],
36 silly audit   inherits: [ '2.0.3', '2.0.4' ],
36 silly audit   util: [ '0.10.4', '0.11.1' ],
36 silly audit   'assign-symbols': [ '1.0.0' ],
36 silly audit   async: [ '3.2.6' ],
36 silly audit   'async-each': [ '1.0.6' ],
36 silly audit   'async-function': [ '1.0.0' ],
36 silly audit   'async-limiter': [ '1.0.1' ],
36 silly audit   asynckit: [ '0.4.0' ],
36 silly audit   atob: [ '2.1.2' ],
36 silly audit   autoprefixer: [ '9.8.8' ],
36 silly audit   picocolors: [ '0.2.1', '1.1.1' ],
36 silly audit   'postcss-value-parser': [ '4.2.0', '3.3.1' ],
36 silly audit   'available-typed-arrays': [ '1.0.7' ],
36 silly audit   'aws-sign2': [ '0.7.0' ],
36 silly audit   aws4: [ '1.13.2' ],
36 silly audit   'balanced-match': [ '1.0.2' ],
36 silly audit   base: [ '0.11.2' ],
36 silly audit   'define-property': [ '1.0.0', '0.2.5', '2.0.2' ],
36 silly audit   'base64-arraybuffer': [ '0.2.0' ],
36 silly audit   'base64-js': [ '1.5.1' ],
36 silly audit   'baseline-browser-mapping': [ '2.10.32' ],
36 silly audit   batch: [ '0.6.1' ],
36 silly audit   'bcrypt-pbkdf': [ '1.0.2' ],
36 silly audit   bfj: [ '6.1.2' ],
36 silly audit   'big.js': [ '5.2.2', '3.2.0' ],
36 silly audit   'binary-extensions': [ '2.3.0', '1.13.1' ],
36 silly audit   bindings: [ '1.5.0' ],
36 silly audit   bluebird: [ '3.7.2' ],
36 silly audit   'body-parser': [ '1.20.5' ],
36 silly audit   debug: [ '2.6.9', '4.4.3', '3.2.7' ],
36 silly audit   ms: [ '2.0.0', '2.1.3' ],
36 silly audit   qs: [ '6.15.2', '6.5.5' ],
36 silly audit   bonjour: [ '3.5.1' ],
36 silly audit   boolbase: [ '1.0.0' ],
36 silly audit   'brace-expansion': [ '1.1.15' ],
36 silly audit   braces: [ '3.0.3', '2.3.2' ],
36 silly audit   brorand: [ '1.1.0' ],
36 silly audit   'browserify-aes': [ '1.2.0' ],
36 silly audit   'browserify-cipher': [ '1.0.1' ],
36 silly audit   'browserify-des': [ '1.0.2' ],
36 silly audit   'browserify-rsa': [ '4.1.1' ],
36 silly audit   'safe-buffer': [ '5.2.1', '5.1.2' ],
36 silly audit   'browserify-sign': [ '4.2.6' ],
36 silly audit   'browserify-zlib': [ '0.2.0' ],
36 silly audit   browserslist: [ '4.28.2' ],
36 silly audit   buffer: [ '4.9.2' ],
36 silly audit   'buffer-from': [ '1.1.2' ],
36 silly audit   'buffer-indexof': [ '1.1.1' ],
36 silly audit   'buffer-json': [ '2.0.0' ],
36 silly audit   'buffer-xor': [ '1.0.3' ],
36 silly audit   'builtin-status-codes': [ '3.0.0' ],
36 silly audit   bytes: [ '3.1.2' ],
36 silly audit   cacache: [ '12.0.4' ],
36 silly audit   ssri: [ '6.0.2', '8.0.1' ],
36 silly audit   'cache-base': [ '1.0.1' ],
36 silly audit   'cache-loader': [ '4.1.0' ],
36 silly audit   'call-bind': [ '1.0.9' ],
36 silly audit   'call-bind-apply-helpers': [ '1.0.2' ],
36 silly audit   'call-bound': [ '1.0.4' ],
36 silly audit   'call-me-maybe': [ '1.0.2' ],
36 silly audit   'caller-callsite': [ '2.0.0' ],
36 silly audit   'caller-path': [ '2.0.0' ],
36 silly audit   callsites: [ '2.0.0' ],
36 silly audit   'camel-case': [ '3.0.0' ],
36 silly audit   camelcase: [ '5.3.1' ],
36 silly audit   'caniuse-api': [ '3.0.0' ],
36 silly audit   'caniuse-lite': [ '1.0.30001793' ],
36 silly audit   'case-sensitive-paths-webpack-plugin': [ '2.4.0' ],
36 silly audit   caseless: [ '0.12.0' ],
36 silly audit   'check-types': [ '8.0.3' ],
36 silly audit   chokidar: [ '3.6.0', '2.1.8' ],
36 silly audit   'glob-parent': [ '5.1.2', '3.1.0' ],
36 silly audit   chownr: [ '1.1.4' ],
36 silly audit   'chrome-trace-event': [ '1.0.4' ],
36 silly audit   'cipher-base': [ '1.0.7' ],
36 silly audit   'class-utils': [ '0.3.6' ],
36 silly audit   'is-descriptor': [ '0.1.8', '1.0.4' ],
36 silly audit   'clean-css': [ '4.2.4' ],
36 silly audit   'cli-cursor': [ '2.1.0' ],
36 silly audit   'cli-highlight': [ '2.1.11' ],
36 silly audit   'cli-spinners': [ '2.9.2' ],
36 silly audit   clipboardy: [ '2.3.0' ],
36 silly audit   cliui: [ '6.0.0', '5.0.0', '7.0.4' ],
36 silly audit   clone: [ '1.0.4' ],
36 silly audit   'clone-deep': [ '4.0.1' ],
36 silly audit   coa: [ '2.0.2' ],
36 silly audit   'collection-visit': [ '1.0.0' ],
36 silly audit   color: [ '3.2.1' ],
36 silly audit   'color-string': [ '1.9.1' ],
36 silly audit   'combined-stream': [ '1.0.8' ],
36 silly audit   commander: [ '2.17.1', '2.20.3', '2.19.0' ],
36 silly audit   commondir: [ '1.0.1' ],
36 silly audit   'component-emitter': [ '1.3.1' ],
36 silly audit   compressible: [ '2.0.18' ],
36 silly audit   compression: [ '1.8.1' ],
36 silly audit   negotiator: [ '0.6.4', '0.6.3' ],
36 silly audit   'concat-map': [ '0.0.1' ],
36 silly audit   'concat-stream': [ '1.6.2' ],
36 silly audit   'connect-history-api-fallback': [ '1.6.0' ],
36 silly audit   'console-browserify': [ '1.2.0' ],
36 silly audit   consolidate: [ '0.15.1' ],
36 silly audit   'constants-browserify': [ '1.0.0' ],
36 silly audit   'content-disposition': [ '0.5.4' ],
36 silly audit   'content-type': [ '1.0.5' ],
36 silly audit   cookie: [ '0.7.2' ],
36 silly audit   'cookie-signature': [ '1.0.7' ],
36 silly audit   'copy-concurrently': [ '1.0.5' ],
36 silly audit   'copy-descriptor': [ '0.1.1' ],
36 silly audit   'copy-webpack-plugin': [ '5.1.2' ],
36 silly audit   'find-cache-dir': [ '2.1.0', '3.3.2' ],
36 silly audit   'find-up': [ '3.0.0', '4.1.0' ],
36 silly audit   globby: [ '7.1.1', '6.1.0', '9.2.0' ],
36 silly audit   pify: [ '3.0.0', '2.3.0', '4.0.1' ],
36 silly audit   ignore: [ '3.3.10', '4.0.6' ],
36 silly audit   'locate-path': [ '3.0.0', '5.0.0' ],
36 silly audit   'make-dir': [ '2.1.0', '3.1.0' ],
36 silly audit   'p-locate': [ '3.0.0', '4.1.0' ],
36 silly audit   'path-exists': [ '3.0.0', '4.0.0' ],
36 silly audit   'pkg-dir': [ '3.0.0', '4.2.0' ],
36 silly audit   'schema-utils': [ '1.0.0', '2.7.1' ],
36 silly audit   semver: [ '5.7.2', '6.3.1' ],
36 silly audit   slash: [ '1.0.0', '2.0.0' ],
36 silly audit   'core-util-is': [ '1.0.3', '1.0.2' ],
36 silly audit   cosmiconfig: [ '5.2.1' ],
36 silly audit   'create-ecdh': [ '4.0.4' ],
36 silly audit   'create-hash': [ '1.2.0' ],
36 silly audit   'create-hmac': [ '1.1.7' ],
36 silly audit   'cross-env': [ '5.2.1' ],
36 silly audit   'cross-spawn': [ '6.0.6', '7.0.6' ],
36 silly audit   'crypto-browserify': [ '3.12.1' ],
36 silly audit   'css-color-names': [ '0.0.4' ],
36 silly audit   'css-declaration-sorter': [ '4.0.1' ],
36 silly audit   'css-loader': [ '3.6.0' ],
36 silly audit   'css-select': [ '4.3.0', '2.1.0' ],
36 silly audit   'css-select-base-adapter': [ '0.1.1' ],
36 silly audit   'css-tree': [ '1.0.0-alpha.37', '1.1.3' ],
36 silly audit   'css-what': [ '6.2.2', '3.4.2' ],
36 silly audit   cssesc: [ '3.0.0', '2.0.0' ],
36 silly audit   cssnano: [ '4.1.11' ],
36 silly audit   'cssnano-preset-default': [ '4.0.8' ],
36 silly audit   'cssnano-util-get-arguments': [ '4.0.0' ],
36 silly audit   'cssnano-util-get-match': [ '4.0.0' ],
36 silly audit   'cssnano-util-raw-cache': [ '4.0.1' ],
36 silly audit   'cssnano-util-same-parent': [ '4.0.1' ],
36 silly audit   csso: [ '4.2.0' ],
36 silly audit   'mdn-data': [ '2.0.14', '2.0.4' ],
36 silly audit   csstype: [ '3.2.3' ],
36 silly audit   cyclist: [ '1.0.2' ],
36 silly audit   dashdash: [ '1.14.1' ],
36 silly audit   'data-view-buffer': [ '1.0.2' ],
36 silly audit   'data-view-byte-length': [ '1.0.2' ],
36 silly audit   'data-view-byte-offset': [ '1.0.1' ],
36 silly audit   'de-indent': [ '1.0.2' ],
36 silly audit   decamelize: [ '1.2.0' ],
36 silly audit   'decode-uri-component': [ '0.2.2' ],
36 silly audit   'deep-equal': [ '1.1.2' ],
36 silly audit   'deep-extend': [ '0.6.0' ],
36 silly audit   deepmerge: [ '1.5.2' ],
36 silly audit   'default-gateway': [ '5.0.5', '4.2.0' ],
36 silly audit   execa: [ '3.4.0', '1.0.0' ],
36 silly audit   'get-stream': [ '5.2.0', '4.1.0' ],
36 silly audit   'is-stream': [ '2.0.1', '1.1.0' ],
36 silly audit   'mimic-fn': [ '2.1.0', '1.2.0' ],
36 silly audit   'npm-run-path': [ '4.0.1', '2.0.2' ],
36 silly audit   onetime: [ '5.1.2', '2.0.1' ],
36 silly audit   'p-finally': [ '2.0.1', '1.0.0' ],
36 silly audit   'path-key': [ '3.1.1', '2.0.1' ],
36 silly audit   'shebang-command': [ '2.0.0', '1.2.0' ],
36 silly audit   'shebang-regex': [ '3.0.0', '1.0.0' ],
36 silly audit   which: [ '2.0.2', '1.3.1' ],
36 silly audit   defaults: [ '1.0.4' ],
36 silly audit   'define-data-property': [ '1.1.4' ],
36 silly audit   'define-properties': [ '1.2.1' ],
36 silly audit   del: [ '4.1.1' ],
36 silly audit   'delayed-stream': [ '1.0.0' ],
36 silly audit   depd: [ '2.0.0', '1.1.2' ],
36 silly audit   'des.js': [ '1.1.0' ],
36 silly audit   destroy: [ '1.2.0' ],
36 silly audit   'detect-node': [ '2.1.0' ],
36 silly audit   'diffie-hellman': [ '5.0.3' ],
36 silly audit   'dir-glob': [ '2.2.2' ],
36 silly audit   'dns-equal': [ '1.0.0' ],
36 silly audit   'dns-packet': [ '5.6.1' ],
36 silly audit   'dns-txt': [ '2.0.2' ],
36 silly audit   'dom-converter': [ '0.2.0' ],
36 silly audit   'dom-serializer': [ '1.4.1', '0.2.2' ],
36 silly audit   'domain-browser': [ '1.2.0' ],
36 silly audit   domelementtype: [ '2.3.0', '1.3.1' ],
36 silly audit   domhandler: [ '4.3.1' ],
36 silly audit   domutils: [ '2.8.0', '1.7.0' ],
36 silly audit   'dot-prop': [ '5.3.0' ],
36 silly audit   dotenv: [ '8.6.0' ],
36 silly audit   'dotenv-expand': [ '5.1.0' ],
36 silly audit   'dunder-proto': [ '1.0.1' ],
36 silly audit   duplexer: [ '0.1.2' ],
36 silly audit   duplexify: [ '3.7.1' ],
36 silly audit   'easy-stack': [ '1.0.1' ],
36 silly audit   'ecc-jsbn': [ '0.1.2' ],
36 silly audit   'ee-first': [ '1.1.1' ],
36 silly audit   ejs: [ '2.7.4' ],
36 silly audit   'electron-to-chromium': [ '1.5.363' ],
36 silly audit   elliptic: [ '6.6.1' ],
36 silly audit   'emoji-regex': [ '8.0.0', '7.0.3' ],
36 silly audit   'emojis-list': [ '3.0.0', '2.1.0' ],
36 silly audit   encodeurl: [ '2.0.0' ],
36 silly audit   'end-of-stream': [ '1.4.5' ],
36 silly audit   'enhanced-resolve': [ '4.5.0' ],
36 silly audit   'memory-fs': [ '0.5.0', '0.4.1' ],
36 silly audit   entities: [ '2.2.0' ],
36 silly audit   envinfo: [ '6.0.1' ],
36 silly audit   errno: [ '0.1.8' ],
36 silly audit   'error-ex': [ '1.3.4' ],
36 silly audit   'error-stack-parser': [ '2.1.4' ],
36 silly audit   'es-abstract': [ '1.24.2' ],
36 silly audit   'es-array-method-boxes-properly': [ '1.0.0' ],
36 silly audit   'es-define-property': [ '1.0.1' ],
36 silly audit   'es-errors': [ '1.3.0' ],
36 silly audit   'es-object-atoms': [ '1.1.2' ],
36 silly audit   'es-set-tostringtag': [ '2.1.0' ],
36 silly audit   'es-to-primitive': [ '1.3.0' ],
36 silly audit   escalade: [ '3.2.0' ],
36 silly audit   'escape-html': [ '1.0.3' ],
36 silly audit   'eslint-scope': [ '4.0.3' ],
36 silly audit   esprima: [ '4.0.1' ],
36 silly audit   esrecurse: [ '4.3.0' ],
36 silly audit   estraverse: [ '5.3.0', '4.3.0' ],
36 silly audit   etag: [ '1.8.1' ],
36 silly audit   'event-pubsub': [ '4.3.0' ],
36 silly audit   eventemitter3: [ '4.0.7' ],
36 silly audit   events: [ '3.3.0' ],
36 silly audit   eventsource: [ '2.0.2' ],
36 silly audit   evp_bytestokey: [ '1.0.3' ],
36 silly audit   'expand-brackets': [ '2.1.4' ],
36 silly audit   'extend-shallow': [ '2.0.1', '3.0.2' ],
36 silly audit   'is-extendable': [ '0.1.1', '1.0.1' ],
36 silly audit   express: [ '4.22.2' ],
36 silly audit   extend: [ '3.0.2' ],
36 silly audit   extglob: [ '2.0.4' ],
36 silly audit   extsprintf: [ '1.3.0' ],
36 silly audit   'fast-deep-equal': [ '3.1.3' ],
36 silly audit   'fast-glob': [ '3.3.3', '2.2.7' ],
36 silly audit   'fast-json-stable-stringify': [ '2.1.0' ],
36 silly audit   'fast-printf': [ '1.6.10' ],
36 silly audit   fastq: [ '1.20.1' ],
36 silly audit   'faye-websocket': [ '0.11.4' ],
36 silly audit   'figgy-pudding': [ '3.5.2' ],
36 silly audit   'file-loader': [ '4.3.0' ],
36 silly audit   'file-uri-to-path': [ '1.0.0' ],
36 silly audit   filesize: [ '3.6.1' ],
36 silly audit   'fill-range': [ '7.1.1', '4.0.0' ],
36 silly audit   finalhandler: [ '1.3.2' ],
36 silly audit   'flush-write-stream': [ '1.1.1' ],
36 silly audit   'follow-redirects': [ '1.16.0' ],
36 silly audit   'for-each': [ '0.3.5' ],
36 silly audit   'for-in': [ '1.0.2' ],
36 silly audit   'forever-agent': [ '0.6.1' ],
36 silly audit   'form-data': [ '2.3.3' ],
36 silly audit   forwarded: [ '0.2.0' ],
36 silly audit   'fragment-cache': [ '0.2.1' ],
36 silly audit   fresh: [ '0.5.2' ],
36 silly audit   from2: [ '2.3.0' ],
36 silly audit   'fs-write-stream-atomic': [ '1.0.10' ],
36 silly audit   'fs.realpath': [ '1.0.0' ],
36 silly audit   fsevents: [ '2.3.3', '1.2.13' ],
36 silly audit   'function-bind': [ '1.1.2' ],
36 silly audit   'function.prototype.name': [ '1.1.8' ],
36 silly audit   'functions-have-names': [ '1.2.3' ],
36 silly audit   'generator-function': [ '2.0.1' ],
36 silly audit   'get-caller-file': [ '2.0.5' ],
36 silly audit   'get-intrinsic': [ '1.3.0' ],
36 silly audit   'get-proto': [ '1.0.1' ],
36 silly audit   'get-symbol-description': [ '1.1.0' ],
36 silly audit   'get-value': [ '2.0.6' ],
36 silly audit   getpass: [ '0.1.7' ],
36 silly audit   glob: [ '7.2.3' ],
36 silly audit   'glob-escape': [ '0.0.2' ],
36 silly audit   'is-glob': [ '3.1.0', '4.0.3' ],
36 silly audit   'glob-to-regexp': [ '0.3.0' ],
36 silly audit   globalthis: [ '1.0.4' ],
36 silly audit   'is-number': [ '3.0.0', '7.0.0' ],
36 silly audit   'kind-of': [ '3.2.2', '4.0.0', '6.0.3' ],
36 silly audit   micromatch: [ '3.1.10', '4.0.8' ],
36 silly audit   'to-regex-range': [ '2.1.1', '5.0.1' ],
36 silly audit   gopd: [ '1.2.0' ],
36 silly audit   'graceful-fs': [ '4.2.11' ],
36 silly audit   'gzip-size': [ '5.1.1' ],
36 silly audit   'handle-thing': [ '2.0.1' ],
36 silly audit   'har-schema': [ '2.0.0' ],
36 silly audit   'har-validator': [ '5.1.5' ],
36 silly audit   has: [ '1.0.4' ],
36 silly audit   'has-bigints': [ '1.1.0' ],
36 silly audit   'has-property-descriptors': [ '1.0.2' ],
36 silly audit   'has-proto': [ '1.2.0' ],
36 silly audit   'has-symbols': [ '1.1.0' ],
36 silly audit   'has-tostringtag': [ '1.0.2' ],
36 silly audit   'has-value': [ '1.0.0', '0.3.1' ],
36 silly audit   'has-values': [ '1.0.0', '0.1.4' ],
36 silly audit   'hash-base': [ '3.0.5', '3.1.2' ],
36 silly audit   'hash.js': [ '1.1.7' ],
36 silly audit   hasown: [ '2.0.3' ],
36 silly audit   he: [ '1.2.0' ],
36 silly audit   'hex-color-regex': [ '1.1.0' ],
36 silly audit   'highlight.js': [ '10.7.3' ],
36 silly audit   'hmac-drbg': [ '1.0.1' ],
36 silly audit   hoopy: [ '0.1.4' ],
36 silly audit   'hosted-git-info': [ '2.8.9' ],
36 silly audit   'hpack.js': [ '2.1.6' ],
36 silly audit   'hsl-regex': [ '1.0.0' ],
36 silly audit   'hsla-regex': [ '1.0.0' ],
36 silly audit   'html-entities': [ '1.4.0' ],
36 silly audit   'html-minifier': [ '3.5.21' ],
36 silly audit   'html-webpack-plugin': [ '3.2.0' ],
36 silly audit   json5: [ '0.5.1', '1.0.2', '2.2.3' ],
36 silly audit   'loader-utils': [ '0.2.17', '1.4.2', '2.0.4' ],
36 silly audit   htmlparser2: [ '6.1.0' ],
36 silly audit   'http-deceiver': [ '1.2.7' ],
36 silly audit   'http-errors': [ '2.0.1', '1.8.1' ],
36 silly audit   'http-parser-js': [ '0.5.10' ],
36 silly audit   'http-proxy': [ '1.18.1' ],
36 silly audit   'http-proxy-middleware': [ '1.3.1', '0.19.1' ],
36 silly audit   'http-signature': [ '1.2.0' ],
36 silly audit   'https-browserify': [ '1.0.0' ],
36 silly audit   'human-signals': [ '1.1.1' ],
36 silly audit   i18n: [ '0.15.3' ],
36 silly audit   'iconv-lite': [ '0.4.24' ],
36 silly audit   'icss-utils': [ '4.1.1' ],
36 silly audit   ieee754: [ '1.2.1' ],
36 silly audit   iferr: [ '0.1.5' ],
36 silly audit   'import-cwd': [ '2.1.0' ],
36 silly audit   'import-fresh': [ '2.0.0' ],
36 silly audit   'import-from': [ '2.1.0' ],
36 silly audit   'import-local': [ '2.0.0' ],
36 silly audit   imurmurhash: [ '0.1.4' ],
36 silly audit   'indexes-of': [ '1.0.1' ],
36 silly audit   'infer-owner': [ '1.0.4' ],
36 silly audit   inflight: [ '1.0.6' ],
36 silly audit   ini: [ '1.3.8' ],
36 silly audit   'internal-ip': [ '4.3.0' ],
36 silly audit   'internal-slot': [ '1.1.0' ],
36 silly audit   'intersection-observer': [ '0.7.0' ],
36 silly audit   ip: [ '1.1.9' ],
36 silly audit   'ip-regex': [ '2.1.0' ],
36 silly audit   'ipaddr.js': [ '1.9.1' ],
36 silly audit   'is-absolute-url': [ '2.1.0', '3.0.3' ],
36 silly audit   'is-accessor-descriptor': [ '1.0.2' ],
36 silly audit   'is-arguments': [ '1.2.0' ],
36 silly audit   'is-array-buffer': [ '3.0.5' ],
36 silly audit   'is-arrayish': [ '0.2.1', '0.3.4' ],
36 silly audit   'is-async-function': [ '2.1.1' ],
36 silly audit   'is-bigint': [ '1.1.0' ],
36 silly audit   'is-binary-path': [ '2.1.0', '1.0.1' ],
36 silly audit   'is-boolean-object': [ '1.2.2' ],
36 silly audit   'is-buffer': [ '1.1.6' ],
36 silly audit   'is-callable': [ '1.2.7' ],
36 silly audit   'is-color-stop': [ '1.1.0' ],
36 silly audit   'is-core-module': [ '2.16.2' ],
36 silly audit   'is-data-descriptor': [ '1.0.1' ],
36 silly audit   'is-data-view': [ '1.0.2' ],
36 silly audit   'is-date-object': [ '1.1.0' ],
36 silly audit   'is-directory': [ '0.3.1' ],
36 silly audit   'is-docker': [ '2.2.1' ],
36 silly audit   'is-extglob': [ '2.1.1' ],
36 silly audit   'is-finalizationregistry': [ '1.1.1' ],
36 silly audit   'is-fullwidth-code-point': [ '3.0.0', '2.0.0' ],
36 silly audit   'is-generator-function': [ '1.1.2' ],
36 silly audit   'is-map': [ '2.0.3' ],
36 silly audit   'is-negative-zero': [ '2.0.3' ],
36 silly audit   'is-number-object': [ '1.1.1' ],
36 silly audit   'is-obj': [ '2.0.0' ],
36 silly audit   'is-path-cwd': [ '2.2.0' ],
36 silly audit   'is-path-in-cwd': [ '2.1.0' ],
36 silly audit   'is-path-inside': [ '2.1.0' ],
36 silly audit   'is-plain-obj': [ '3.0.0', '1.1.0' ],
36 silly audit   'is-plain-object': [ '2.0.4' ],
36 silly audit   'is-regex': [ '1.2.1' ],
36 silly audit   'is-resolvable': [ '1.1.0' ],
36 silly audit   'is-set': [ '2.0.3' ],
36 silly audit   'is-shared-array-buffer': [ '1.0.4' ],
36 silly audit   'is-string': [ '1.1.1' ],
36 silly audit   'is-symbol': [ '1.1.1' ],
36 silly audit   'is-typed-array': [ '1.1.15' ],
36 silly audit   'is-typedarray': [ '1.0.0' ],
36 silly audit   'is-weakmap': [ '2.0.2' ],
36 silly audit   'is-weakref': [ '1.1.1' ],
36 silly audit   'is-weakset': [ '2.0.4' ],
36 silly audit   'is-windows': [ '1.0.2' ],
36 silly audit   'is-wsl': [ '2.2.0', '1.1.0' ],
36 silly audit   isarray: [ '1.0.0', '2.0.5' ],
36 silly audit   isexe: [ '2.0.0' ],
36 silly audit   isobject: [ '3.0.1', '2.1.0' ],
36 silly audit   isstream: [ '0.1.2' ],
36 silly audit   'javascript-stringify': [ '2.1.0' ],
36 silly audit   'js-message': [ '1.0.7' ],
36 silly audit   'js-tokens': [ '4.0.0' ],
36 silly audit   'js-yaml': [ '3.14.2' ],
36 silly audit   jsbn: [ '0.1.1' ],
36 silly audit   jsesc: [ '3.1.0' ],
36 silly audit   'json-parse-better-errors': [ '1.0.2' ],
36 silly audit   'json-parse-even-better-errors': [ '2.3.1' ],
36 silly audit   'json-schema': [ '0.4.0' ],
36 silly audit   'json-schema-traverse': [ '0.4.1' ],
36 silly audit   'json-stringify-safe': [ '5.0.1' ],
36 silly audit   jsprim: [ '1.4.2' ],
36 silly audit   killable: [ '1.0.1' ],
36 silly audit   'launch-editor': [ '2.13.2' ],
36 silly audit   'launch-editor-middleware': [ '2.13.2' ],
36 silly audit   'lines-and-columns': [ '1.2.4' ],
36 silly audit   'loader-runner': [ '2.4.0' ],
36 silly audit   lodash: [ '4.18.1' ],
36 silly audit   'lodash.defaultsdeep': [ '4.6.1' ],
36 silly audit   'lodash.mapvalues': [ '4.6.0' ],
36 silly audit   'lodash.memoize': [ '4.1.2' ],
36 silly audit   'lodash.transform': [ '4.6.0' ],
36 silly audit   'lodash.uniq': [ '4.5.0' ],
36 silly audit   'log-symbols': [ '2.2.0' ],
36 silly audit   loglevel: [ '1.9.2' ],
36 silly audit   'lower-case': [ '1.1.4' ],
36 silly audit   'make-plural': [ '7.5.0' ],
36 silly audit   'map-cache': [ '0.2.2' ],
36 silly audit   'map-visit': [ '1.0.0' ],
36 silly audit   'math-interval-parser': [ '2.0.1' ],
36 silly audit   'math-intrinsics': [ '1.1.0' ],
36 silly audit   'md5.js': [ '1.3.5' ],
36 silly audit   'media-typer': [ '0.3.0' ],
36 silly audit   'merge-descriptors': [ '1.0.3' ],
36 silly audit   'merge-source-map': [ '1.1.0' ],
36 silly audit   'merge-stream': [ '2.0.0' ],
36 silly audit   merge2: [ '1.4.1' ],
36 silly audit   methods: [ '1.1.2' ],
36 silly audit   'miller-rabin': [ '4.0.1' ],
36 silly audit   mime: [ '2.6.0', '1.6.0' ],
36 silly audit   'mime-db': [ '1.52.0' ],
36 silly audit   'mime-types': [ '2.1.35' ],
36 silly audit   'mini-css-extract-plugin': [ '0.9.0' ],
36 silly audit   'minimalistic-assert': [ '1.0.1' ],
36 silly audit   'minimalistic-crypto-utils': [ '1.0.1' ],
36 silly audit   minimatch: [ '3.1.5' ],
36 silly audit   minimist: [ '1.2.8' ],
36 silly audit   minipass: [ '3.3.6' ],
36 silly audit   mississippi: [ '3.0.0' ],
36 silly audit   'mixin-deep': [ '1.3.2' ],
36 silly audit   mkdirp: [ '0.5.6' ],
36 silly audit   'module-alias': [ '2.3.4' ],
36 silly audit   moo: [ '0.5.3' ],
36 silly audit   'move-concurrently': [ '1.0.1' ],
36 silly audit   'mp-html': [ '2.5.0' ],
36 silly audit   'multicast-dns': [ '7.2.5' ],
36 silly audit   'multicast-dns-service-types': [ '1.1.0' ],
36 silly audit   mustache: [ '4.2.0' ],
36 silly audit   mz: [ '2.7.0' ],
36 silly audit   nan: [ '2.27.0' ],
36 silly audit   nanoid: [ '3.3.12' ],
36 silly audit   nanomatch: [ '1.2.13' ],
36 silly audit   'neo-async': [ '2.6.2' ],
36 silly audit   'nice-try': [ '1.0.5' ],
36 silly audit   'no-case': [ '2.3.2' ],
36 silly audit   'node-forge': [ '0.10.0' ],
36 silly audit   'node-libs-browser': [ '2.2.1' ],
36 silly audit   punycode: [ '1.4.1', '2.3.1' ],
36 silly audit   'node-releases': [ '2.0.46' ],
36 silly audit   'normalize-package-data': [ '2.5.0' ],
36 silly audit   'normalize-path': [ '3.0.0', '2.1.1' ],
36 silly audit   'normalize-range': [ '0.1.2' ],
36 silly audit   'normalize-url': [ '1.9.1', '3.3.0' ],
36 silly audit   'nth-check': [ '2.1.1', '1.0.2' ],
36 silly audit   num2fraction: [ '1.2.2' ],
36 silly audit   'oauth-sign': [ '0.9.0' ],
36 silly audit   'object-assign': [ '4.1.1' ],
36 silly audit   'object-copy': [ '0.1.0' ],
36 silly audit   'object-inspect': [ '1.13.4' ],
36 silly audit   'object-is': [ '1.1.6' ],
36 silly audit   'object-keys': [ '1.1.1' ],
36 silly audit   'object-visit': [ '1.0.1' ],
36 silly audit   'object.assign': [ '4.1.7' ],
36 silly audit   'object.getownpropertydescriptors': [ '2.1.9' ],
36 silly audit   'object.pick': [ '1.3.0' ],
36 silly audit   'object.values': [ '1.2.1' ],
36 silly audit   obuf: [ '1.1.2' ],
36 silly audit   'on-finished': [ '2.4.1' ],
36 silly audit   'on-headers': [ '1.1.0' ],
36 silly audit   once: [ '1.4.0' ],
36 silly audit   open: [ '6.4.0' ],
36 silly audit   opener: [ '1.5.2' ],
36 silly audit   opn: [ '5.5.0' ],
36 silly audit   ora: [ '3.4.0' ],
36 silly audit   'strip-ansi': [ '5.2.0', '3.0.1', '6.0.1' ],
36 silly audit   'os-browserify': [ '0.3.0' ],
36 silly audit   'own-keys': [ '1.0.1' ],
36 silly audit   'p-limit': [ '2.3.0' ],
36 silly audit   'p-map': [ '2.1.0' ],
36 silly audit   'p-retry': [ '3.0.1' ],
36 silly audit   'p-try': [ '2.2.0' ],
36 silly audit   pako: [ '1.0.11' ],
36 silly audit   'parallel-transform': [ '1.2.0' ],
36 silly audit   'param-case': [ '2.1.1' ],
36 silly audit   'parse-asn1': [ '5.1.9' ],
36 silly audit   'parse-json': [ '4.0.0', '5.2.0' ],
36 silly audit   parse5: [ '5.1.1', '6.0.1' ],
36 silly audit   'parse5-htmlparser2-tree-adapter': [ '6.0.1' ],
36 silly audit   parseurl: [ '1.3.3' ],
36 silly audit   pascalcase: [ '0.1.1' ],
36 silly audit   'path-browserify': [ '0.0.1' ],
36 silly audit   'path-dirname': [ '1.0.2' ],
36 silly audit   'path-is-absolute': [ '1.0.1' ],
36 silly audit   'path-is-inside': [ '1.0.2' ],
36 silly audit   'path-parse': [ '1.0.7' ],
36 silly audit   'path-to-regexp': [ '0.1.13' ],
36 silly audit   'path-type': [ '3.0.0' ],
36 silly audit   pbkdf2: [ '3.1.6' ],
36 silly audit   'performance-now': [ '2.1.0' ],
36 silly audit   picomatch: [ '2.3.2' ],
36 silly audit   pinkie: [ '2.0.4' ],
36 silly audit   'pinkie-promise': [ '2.0.1' ],
36 silly audit   'pnp-webpack-plugin': [ '1.7.0' ],
36 silly audit   portfinder: [ '1.0.38' ],
36 silly audit   'posix-character-classes': [ '0.1.1' ],
36 silly audit   'possible-typed-array-names': [ '1.1.0' ],
36 silly audit   'postcss-calc': [ '7.0.5' ],
36 silly audit   'postcss-colormin': [ '4.0.3' ],
36 silly audit   'postcss-convert-values': [ '4.0.1' ],
36 silly audit   'postcss-discard-comments': [ '4.0.2' ],
36 silly audit   'postcss-discard-duplicates': [ '4.0.2' ],
36 silly audit   'postcss-discard-empty': [ '4.0.1' ],
36 silly audit   'postcss-discard-overridden': [ '4.0.1' ],
36 silly audit   'postcss-helpers': [ '0.3.3' ],
36 silly audit   'postcss-import': [ '12.0.1' ],
36 silly audit   'postcss-load-config': [ '2.1.2' ],
36 silly audit   'postcss-loader': [ '3.0.0' ],
36 silly audit   'postcss-merge-longhand': [ '4.0.11' ],
36 silly audit   'postcss-merge-rules': [ '4.0.3' ],
36 silly audit   'postcss-minify-font-values': [ '4.0.2' ],
36 silly audit   'postcss-minify-gradients': [ '4.0.2' ],
36 silly audit   'postcss-minify-params': [ '4.0.2' ],
36 silly audit   'postcss-minify-selectors': [ '4.0.2' ],
36 silly audit   'postcss-modules-extract-imports': [ '2.0.0' ],
36 silly audit   'postcss-modules-local-by-default': [ '3.0.3' ],
36 silly audit   'postcss-modules-scope': [ '2.2.0' ],
36 silly audit   'postcss-modules-values': [ '3.0.0' ],
36 silly audit   'postcss-normalize-charset': [ '4.0.1' ],
36 silly audit   'postcss-normalize-display-values': [ '4.0.2' ],
36 silly audit   'postcss-normalize-positions': [ '4.0.2' ],
36 silly audit   'postcss-normalize-repeat-style': [ '4.0.2' ],
36 silly audit   'postcss-normalize-string': [ '4.0.2' ],
36 silly audit   'postcss-normalize-timing-functions': [ '4.0.2' ],
36 silly audit   'postcss-normalize-unicode': [ '4.0.1' ],
36 silly audit   'postcss-normalize-url': [ '4.0.1' ],
36 silly audit   'postcss-normalize-whitespace': [ '4.0.2' ],
36 silly audit   'postcss-ordered-values': [ '4.1.2' ],
36 silly audit   'postcss-reduce-initial': [ '4.0.3' ],
36 silly audit   'postcss-reduce-transforms': [ '4.0.2' ],
36 silly audit   'postcss-svgo': [ '4.0.3' ],
36 silly audit   'postcss-unique-selectors': [ '4.0.1' ],
36 silly audit   'prepend-http': [ '1.0.4' ],
36 silly audit   prettier: [ '2.8.8' ],
36 silly audit   'pretty-error': [ '2.1.2' ],
36 silly audit   process: [ '0.11.10' ],
36 silly audit   'process-nextick-args': [ '2.0.1' ],
36 silly audit   'promise-inflight': [ '1.0.1' ],
36 silly audit   'proxy-addr': [ '2.0.7' ],
36 silly audit   prr: [ '1.0.1' ],
36 silly audit   pseudomap: [ '1.0.2' ],
36 silly audit   psl: [ '1.15.0' ],
36 silly audit   'public-encrypt': [ '4.0.3' ],
36 silly audit   pump: [ '3.0.4', '2.0.1' ],
36 silly audit   pumpify: [ '1.5.1' ],
36 silly audit   q: [ '1.5.1' ],
36 silly audit   'query-string': [ '4.3.4' ],
36 silly audit   'querystring-es3': [ '0.2.1' ],
36 silly audit   querystringify: [ '2.2.0' ],
36 silly audit   'queue-microtask': [ '1.2.3' ],
36 silly audit   randombytes: [ '2.1.0' ],
36 silly audit   randomfill: [ '1.0.4' ],
36 silly audit   'range-parser': [ '1.2.1' ],
36 silly audit   'raw-body': [ '2.5.3' ],
36 silly audit   rc: [ '1.2.8' ],
36 silly audit   'read-cache': [ '1.0.0' ],
36 silly audit   'read-pkg': [ '5.2.0' ],
36 silly audit   'readable-stream': [ '2.3.8', '3.6.2' ],
36 silly audit   readdirp: [ '3.6.0', '2.2.1' ],
36 silly audit   'reflect.getprototypeof': [ '1.0.10' ],
36 silly audit   'regex-not': [ '1.0.2' ],
36 silly audit   'regexp.prototype.flags': [ '1.5.4' ],
36 silly audit   'registry-auth-token': [ '3.3.2' ],
36 silly audit   'registry-url': [ '3.1.0' ],
36 silly audit   relateurl: [ '0.2.7' ],
36 silly audit   'remove-trailing-separator': [ '1.1.0' ],
36 silly audit   renderkid: [ '2.0.7' ],
36 silly audit   'repeat-element': [ '1.1.4' ],
36 silly audit   'repeat-string': [ '1.6.1' ],
36 silly audit   request: [ '2.88.2' ],
36 silly audit   'require-directory': [ '2.1.1' ],
36 silly audit   'require-main-filename': [ '2.0.0' ],
36 silly audit   'requires-port': [ '1.0.0' ],
36 silly audit   resolve: [ '1.22.12' ],
36 silly audit   'resolve-cwd': [ '2.0.0' ],
36 silly audit   'resolve-from': [ '3.0.0' ],
36 silly audit   'resolve-url': [ '0.2.1' ],
36 silly audit   'restore-cursor': [ '2.0.0' ],
36 silly audit   ret: [ '0.1.15' ],
36 silly audit   retry: [ '0.12.0' ],
36 silly audit   reusify: [ '1.1.0' ],
36 silly audit   'rgb-regex': [ '1.0.1' ],
36 silly audit   'rgba-regex': [ '1.0.0' ],
36 silly audit   rimraf: [ '2.7.1' ],
36 silly audit   ripemd160: [ '2.0.3' ],
36 silly audit   'run-parallel': [ '1.2.0' ],
36 silly audit   'run-queue': [ '1.0.3' ],
36 silly audit   'safe-area-insets': [ '1.4.1' ],
36 silly audit   'safe-array-concat': [ '1.1.4' ],
36 silly audit   'safe-identifier': [ '0.4.2' ],
36 silly audit   'safe-push-apply': [ '1.0.0' ],
36 silly audit   'safe-regex': [ '1.1.0' ],
36 silly audit   'safe-regex-test': [ '1.1.0' ],
36 silly audit   'safer-buffer': [ '2.1.2' ],
36 silly audit   sax: [ '1.2.4' ],
36 silly audit   'select-hose': [ '2.0.0' ],
36 silly audit   selfsigned: [ '1.10.14' ],
36 silly audit   send: [ '0.19.2' ],
36 silly audit   'serialize-javascript': [ '4.0.0' ],
36 silly audit   'serve-index': [ '1.9.2' ],
36 silly audit   statuses: [ '1.5.0', '2.0.2' ],
36 silly audit   'serve-static': [ '1.16.3' ],
36 silly audit   'set-blocking': [ '2.0.0' ],
36 silly audit   'set-function-length': [ '1.2.2' ],
36 silly audit   'set-function-name': [ '2.0.2' ],
36 silly audit   'set-proto': [ '1.0.0' ],
36 silly audit   'set-value': [ '2.0.1' ],
36 silly audit   setimmediate: [ '1.0.5' ],
36 silly audit   setprototypeof: [ '1.2.0' ],
36 silly audit   'sha.js': [ '2.4.12' ],
36 silly audit   'shallow-clone': [ '3.0.1' ],
36 silly audit   'shell-quote': [ '1.8.4' ],
36 silly audit   'side-channel': [ '1.1.0' ],
36 silly audit   'side-channel-list': [ '1.0.1' ],
36 silly audit   'side-channel-map': [ '1.0.1' ],
36 silly audit   'side-channel-weakmap': [ '1.0.2' ],
36 silly audit   'signal-exit': [ '3.0.7' ],
36 silly audit   'simple-swizzle': [ '0.2.4' ],
36 silly audit   snapdragon: [ '0.8.2' ],
36 silly audit   'snapdragon-node': [ '2.1.1' ],
36 silly audit   'snapdragon-util': [ '3.0.1' ],
36 silly audit   sockjs: [ '0.3.24' ],
36 silly audit   'sockjs-client': [ '1.6.1' ],
36 silly audit   uuid: [ '8.3.2', '3.4.0' ],
36 silly audit   'sort-keys': [ '1.1.2' ],
36 silly audit   'source-list-map': [ '2.0.1' ],
36 silly audit   'source-map-js': [ '1.2.1' ],
36 silly audit   'source-map-resolve': [ '0.5.3' ],
36 silly audit   'source-map-support': [ '0.5.21' ],
36 silly audit   'source-map-url': [ '0.4.1' ],
36 silly audit   'spdx-correct': [ '3.2.0' ],
36 silly audit   'spdx-exceptions': [ '2.5.0' ],
36 silly audit   'spdx-expression-parse': [ '3.0.1' ],
36 silly audit   'spdx-license-ids': [ '3.0.23' ],
36 silly audit   spdy: [ '4.0.2' ],
36 silly audit   'spdy-transport': [ '3.0.0' ],
36 silly audit   'split-string': [ '3.1.0' ],
36 silly audit   'sprintf-js': [ '1.0.3' ],
36 silly audit   sshpk: [ '1.18.0' ],
36 silly audit   stable: [ '0.1.8' ],
36 silly audit   stackframe: [ '1.3.4' ],
36 silly audit   'static-extend': [ '0.1.2' ],
36 silly audit   'stop-iteration-iterator': [ '1.1.0' ],
36 silly audit   'stream-browserify': [ '2.0.2' ],
36 silly audit   'stream-each': [ '1.2.3' ],
36 silly audit   'stream-http': [ '2.8.3' ],
36 silly audit   'stream-shift': [ '1.0.3' ],
36 silly audit   'strict-uri-encode': [ '1.1.0' ],
36 silly audit   string_decoder: [ '1.1.1' ],
36 silly audit   'string-width': [ '4.2.3', '3.1.0' ],
36 silly audit   'string.prototype.trim': [ '1.2.10' ],
36 silly audit   'string.prototype.trimend': [ '1.0.9' ],
36 silly audit   'string.prototype.trimstart': [ '1.0.8' ],
36 silly audit   'strip-eof': [ '1.0.0' ],
36 silly audit   'strip-final-newline': [ '2.0.0' ],
36 silly audit   'strip-json-comments': [ '2.0.1' ],
36 silly audit   stylehacks: [ '4.0.3' ],
36 silly audit   'supports-preserve-symlinks-flag': [ '1.0.0' ],
36 silly audit   svgo: [ '1.3.2' ],
36 silly audit   tapable: [ '1.1.3' ],
36 silly audit   terser: [ '4.8.1' ],
36 silly audit   'terser-webpack-plugin': [ '1.4.6' ],
36 silly audit   thenify: [ '3.3.1' ],
36 silly audit   'thenify-all': [ '1.6.0' ],
36 silly audit   'thread-loader': [ '2.1.3' ],
36 silly audit   through2: [ '2.0.5' ],
36 silly audit   thunky: [ '1.1.0' ],
36 silly audit   'timers-browserify': [ '2.0.12' ],
36 silly audit   timsort: [ '0.3.0' ],
36 silly audit   'to-arraybuffer': [ '1.0.1' ],
36 silly audit   'to-buffer': [ '1.2.2' ],
36 silly audit   'to-object-path': [ '0.3.0' ],
36 silly audit   'to-regex': [ '3.0.2' ],
36 silly audit   toidentifier: [ '1.0.1' ],
36 silly audit   toposort: [ '1.0.7' ],
36 silly audit   'tough-cookie': [ '2.5.0' ],
36 silly audit   tryer: [ '1.0.1' ],
36 silly audit   'ts-pnp': [ '1.2.0' ],
36 silly audit   'tty-browserify': [ '0.0.0' ],
36 silly audit   'tunnel-agent': [ '0.6.0' ],
36 silly audit   tweetnacl: [ '0.14.5' ],
36 silly audit   'type-fest': [ '0.6.0' ],
36 silly audit   'type-is': [ '1.6.18' ],
36 silly audit   'typed-array-buffer': [ '1.0.3' ],
36 silly audit   'typed-array-byte-length': [ '1.0.3' ],
36 silly audit   'typed-array-byte-offset': [ '1.0.4' ],
36 silly audit   'typed-array-length': [ '1.0.7' ],
36 silly audit   typedarray: [ '0.0.6' ],
36 silly audit   'uglify-js': [ '3.4.10' ],
36 silly audit   'unbox-primitive': [ '1.1.0' ],
36 silly audit   'undici-types': [ '7.24.6' ],
36 silly audit   'union-value': [ '1.0.1' ],
36 silly audit   uniq: [ '1.0.1' ],
36 silly audit   uniqs: [ '2.0.0' ],
36 silly audit   'unique-filename': [ '1.1.1' ],
36 silly audit   'unique-slug': [ '2.0.2' ],
36 silly audit   unpipe: [ '1.0.0' ],
36 silly audit   unquote: [ '1.1.1' ],
36 silly audit   'unset-value': [ '1.0.0' ],
36 silly audit   upath: [ '1.2.0' ],
36 silly audit   'update-browserslist-db': [ '1.2.3' ],
36 silly audit   'update-check': [ '1.5.4' ],
36 silly audit   'upper-case': [ '1.1.3' ],
36 silly audit   'uri-js': [ '4.4.1' ],
36 silly audit   urijs: [ '1.19.11' ],
36 silly audit   urix: [ '0.1.0' ],
36 silly audit   url: [ '0.11.4' ],
36 silly audit   'url-loader': [ '2.3.0' ],
36 silly audit   'url-parse': [ '1.5.10' ],
36 silly audit   use: [ '3.1.1' ],
36 silly audit   'util-deprecate': [ '1.0.2' ],
36 silly audit   'util.promisify': [ '1.0.0' ],
36 silly audit   utila: [ '0.4.0' ],
36 silly audit   'utils-merge': [ '1.0.1' ],
36 silly audit   'validate-npm-package-license': [ '3.0.4' ],
36 silly audit   vary: [ '1.1.2' ],
36 silly audit   vendors: [ '1.0.4' ],
36 silly audit   verror: [ '1.10.0' ],
36 silly audit   'vm-browserify': [ '1.1.2' ],
36 silly audit   vue: [ '2.7.16' ],
36 silly audit   'vue-hot-reload-api': [ '2.3.4' ],
36 silly audit   'vue-loader': [ '15.11.1', '16.8.3' ],
36 silly audit   'vue-style-loader': [ '4.1.3' ],
36 silly audit   'vue-template-compiler': [ '2.7.16' ],
36 silly audit   'vue-template-es2015-compiler': [ '1.9.1' ],
36 silly audit   vuex: [ '3.6.2' ],
36 silly audit   watchpack: [ '1.7.5' ],
36 silly audit   'watchpack-chokidar2': [ '2.0.1' ],
36 silly audit   wbuf: [ '1.7.3' ],
36 silly audit   wcwidth: [ '1.0.1' ],
36 silly audit   webpack: [ '4.47.0' ],
36 silly audit   'webpack-bundle-analyzer': [ '3.9.0' ],
36 silly audit   'webpack-chain': [ '6.5.1' ],
36 silly audit   'webpack-dev-middleware': [ '3.7.3' ],
36 silly audit   'webpack-dev-server': [ '3.11.3' ],
36 silly audit   'wrap-ansi': [ '5.1.0', '6.2.0', '7.0.0' ],
36 silly audit   yargs: [ '13.3.2', '16.2.0' ],
36 silly audit   'yargs-parser': [ '13.1.2', '20.2.9' ],
36 silly audit   'webpack-log': [ '2.0.0' ],
36 silly audit   'webpack-merge': [ '4.2.2' ],
36 silly audit   'webpack-sources': [ '1.4.3' ],
36 silly audit   'websocket-driver': [ '0.7.4' ],
36 silly audit   'websocket-extensions': [ '0.1.4' ],
36 silly audit   'which-boxed-primitive': [ '1.1.1' ],
36 silly audit   'which-builtin-type': [ '1.2.1' ],
36 silly audit   'which-collection': [ '1.0.2' ],
36 silly audit   'which-module': [ '2.0.1' ],
36 silly audit   'which-typed-array': [ '1.1.21' ],
36 silly audit   'worker-farm': [ '1.7.0' ],
36 silly audit   'wrap-loader': [ '0.2.0' ],
36 silly audit   wrappy: [ '1.0.2' ],
36 silly audit   ws: [ '6.2.4' ],
36 silly audit   xregexp: [ '4.0.0' ],
36 silly audit   xtend: [ '4.0.2' ],
36 silly audit   y18n: [ '4.0.3', '5.0.8' ],
36 silly audit   '@dcloudio/uni-cli-i18n': [ '2.0.2-5000720260410001' ],
36 silly audit   'os-locale-s-fix': [ '1.0.8-fix-1' ],
36 silly audit   lcid: [ '3.1.1' ],
36 silly audit   'invert-kv': [ '3.0.1' ]
36 silly audit }
37 http cache @dcloudio/uni-cli-i18n@https://registry.npmmirror.com/@dcloudio/uni-cli-i18n/-/uni-cli-i18n-2.0.2-5000720260410001.tgz 0ms (cache hit)
38 http cache invert-kv@https://registry.npmmirror.com/invert-kv/-/invert-kv-3.0.1.tgz 0ms (cache hit)
39 http cache lcid@https://registry.npmmirror.com/lcid/-/lcid-3.1.1.tgz 0ms (cache hit)
40 http cache os-locale-s-fix@https://registry.npmmirror.com/os-locale-s-fix/-/os-locale-s-fix-1.0.8-fix-1.tgz 0ms (cache hit)
41 silly tarball no local data for @dcloudio/uni-cli-i18n@https://registry.npmmirror.com/@dcloudio/uni-cli-i18n/-/uni-cli-i18n-2.0.2-5000720260410001.tgz. Extracting by manifest.
42 silly tarball no local data for invert-kv@https://registry.npmmirror.com/invert-kv/-/invert-kv-3.0.1.tgz. Extracting by manifest.
43 silly tarball no local data for lcid@https://registry.npmmirror.com/lcid/-/lcid-3.1.1.tgz. Extracting by manifest.
44 silly tarball no local data for os-locale-s-fix@https://registry.npmmirror.com/os-locale-s-fix/-/os-locale-s-fix-1.0.8-fix-1.tgz. Extracting by manifest.
45 http fetch POST 404 https://registry.npmmirror.com/-/npm/v1/security/advisories/bulk 28ms
46 verbose audit error HttpErrorGeneral: 404 Not Found - POST https://registry.npmmirror.com/-/npm/v1/security/advisories/bulk - [NOT_IMPLEMENTED] /-/npm/v1/security/* not implemented yet
46 verbose audit error     at D:\daima\node_modules\npm\node_modules\npm-registry-fetch\lib\check-response.js:103:15
46 verbose audit error     at process.processTicksAndRejections (node:internal/process/task_queues:103:5)
46 verbose audit error     at async #getReport (D:\daima\node_modules\npm\node_modules\@npmcli\arborist\lib\audit-report.js:275:19)
46 verbose audit error     at async AuditReport.run (D:\daima\node_modules\npm\node_modules\@npmcli\arborist\lib\audit-report.js:100:19) {
46 verbose audit error   headers: [Object: null prototype] {
46 verbose audit error     server: [ 'Tengine' ],
46 verbose audit error     date: [ 'Thu, 28 May 2026 06:32:11 GMT' ],
46 verbose audit error     'content-type': [ 'application/json' ],
46 verbose audit error     'transfer-encoding': [ 'chunked' ],
46 verbose audit error     connection: [ 'keep-alive' ],
46 verbose audit error     'strict-transport-security': [ 'max-age=5184000' ],
46 verbose audit error     via: [ 'kunlun3.cn7748[,404666]' ],
46 verbose audit error     'timing-allow-origin': [ '*' ],
46 verbose audit error     eagleid: [ '75bbbf1717799499316762322e' ],
46 verbose audit error     'x-fetch-attempts': [ '1' ]
46 verbose audit error   },
46 verbose audit error   statusCode: 404,
46 verbose audit error   code: 'E404',
46 verbose audit error   method: 'POST',
46 verbose audit error   uri: 'https://registry.npmmirror.com/-/npm/v1/security/advisories/bulk',
46 verbose audit error   body: {
46 verbose audit error     error: '[NOT_IMPLEMENTED] /-/npm/v1/security/* not implemented yet'
46 verbose audit error   },
46 verbose audit error   pkgid: undefined
46 verbose audit error }
47 silly audit error [object Object]
48 silly audit report null
49 http fetch GET 200 https://cdn.npmmirror.com/packages/lcid/3.1.1/lcid-3.1.1.tgz 274ms (cache miss)
50 http fetch GET 200 https://cdn.npmmirror.com/packages/os-locale-s-fix/1.0.8-fix-1/os-locale-s-fix-1.0.8-fix-1.tgz 294ms (cache miss)
51 http fetch GET 200 https://cdn.npmmirror.com/packages/invert-kv/3.0.1/invert-kv-3.0.1.tgz 297ms (cache miss)
52 http fetch GET 200 https://cdn.npmmirror.com/packages/%40dcloudio/uni-cli-i18n/2.0.2-5000720260410001/uni-cli-i18n-2.0.2-5000720260410001.tgz 312ms (cache miss)
53 silly ADD node_modules/invert-kv
54 silly ADD node_modules/lcid
55 silly ADD node_modules/os-locale-s-fix
56 silly ADD node_modules/@dcloudio/uni-cli-i18n
57 verbose cwd D:\RECM\crmeb_java\app
58 verbose os Windows_NT 10.0.26100
59 verbose node v25.2.1
60 verbose npm  v11.6.2
61 verbose exit 0
62 info ok
